<?xml version="1.0" encoding="UTF-8"?>
<testsuites>
<testsuite xmlns:xsi="http://www.w3.org/2001/XMLSchema-instance" xsi:noNamespaceSchemaLocation="https://maven.apache.org/surefire/maven-surefire-plugin/xsd/surefire-test-report.xsd" version="3.0.2" name="com.example.CalculatorTest" time="0.026" tests="0" errors="0" skipped="0" failures="0">
  <properties>
[...]
</properties>
</testsuite>
<testsuite xmlns:xsi="http://www.w3.org/2001/XMLSchema-instance" xsi:noNamespaceSchemaLocation="https://maven.apache.org/surefire/maven-surefire-plugin/xsd/surefire-test-report.xsd" version="3.0.2" name="com.example.CalculatorTest$AdvancedOperations" time="0.003" tests="6" errors="0" skipped="1" failures="2">
  <properties>
[...]
</properties>
  <testcase name="testAddition" classname="com.example.CalculatorTest" time="0.008"/>
  <testcase name="testFailingAssertion" classname="com.example.CalculatorTest" time="0.002">
    <failure message="expected: &lt;5&gt; but was: &lt;4&gt;" type="org.opentest4j.AssertionFailedError"><![CDATA[org.opentest4j.AssertionFailedError: expected: <5> but was: <4>
	at org.junit.jupiter.api.AssertionFailureBuilder.build(AssertionFailureBuilder.java:151)
	at org.junit.jupiter.api.AssertionFailureBuilder.buildAndThrow(AssertionFailureBuilder.java:132)
	at org.junit.jupiter.api.AssertEquals.failNotEqual(AssertEquals.java:197)
	at org.junit.jupiter.api.AssertEquals.assertEquals(AssertEquals.java:150)
	at org.junit.jupiter.api.AssertEquals.assertEquals(AssertEquals.java:145)
	at org.junit.jupiter.api.Assertions.assertEquals(Assertions.java:531)
	at com.example.CalculatorTest.testFailingAssertion(CalculatorTest.java:23)
	at java.base/java.lang.reflect.Method.invoke(Method.java:580)
	at java.base/java.util.ArrayList.forEach(ArrayList.java:1596)
	at java.base/java.util.ArrayList.forEach(ArrayList.java:1596)
]]></failure>
  </testcase>
  <testcase name="testSkipped" classname="com.example.CalculatorTest" time="0.0">
    <skipped message="demonstrating skipped test"/>
  </testcase>
  <testcase name="testSubtraction" classname="com.example.CalculatorTest" time="0.0"/>
  <testcase name="testNestedFailing" classname="com.example.CalculatorTest$AdvancedOperations" time="0.001">
    <failure message="nested failure" type="org.opentest4j.AssertionFailedError"><![CDATA[org.opentest4j.AssertionFailedError: nested failure
	at org.junit.jupiter.api.AssertionUtils.fail(AssertionUtils.java:38)
	at org.junit.jupiter.api.Assertions.fail(Assertions.java:138)
	at com.example.CalculatorTest$AdvancedOperations.testNestedFailing(CalculatorTest.java:42)
	at java.base/java.lang.reflect.Method.invoke(Method.java:580)
	at java.base/java.util.ArrayList.forEach(ArrayList.java:1596)
	at java.base/java.util.ArrayList.forEach(ArrayList.java:1596)
	at java.base/java.util.ArrayList.forEach(ArrayList.java:1596)
]]></failure>
  </testcase>
  <testcase name="testMultiplication" classname="com.example.CalculatorTest$AdvancedOperations" time="0.0"/>
</testsuite></testsuites>
